{"/Users/esa/code/functional-node-workshop/04-testing/01-intro/finished/index.js": {"path":"/Users/esa/code/functional-node-workshop/04-testing/01-intro/finished/index.js","all":false,"statementMap":{"0":{"start":{"line":1,"column":0},"end":{"line":1,"column":36}},"1":{"start":{"line":2,"column":0},"end":{"line":2,"column":35}},"2":{"start":{"line":3,"column":0},"end":{"line":3,"column":26}},"3":{"start":{"line":4,"column":0},"end":{"line":4,"column":8}},"4":{"start":{"line":5,"column":0},"end":{"line":5,"column":0}},"5":{"start":{"line":6,"column":0},"end":{"line":6,"column":11}},"6":{"start":{"line":7,"column":0},"end":{"line":7,"column":0}},"7":{"start":{"line":8,"column":0},"end":{"line":8,"column":39}},"8":{"start":{"line":9,"column":0},"end":{"line":9,"column":56}}},"s":{"0":1,"1":1,"2":6,"3":1,"4":1,"5":1,"6":1,"7":1,"8":1},"branchMap":{"0":{"type":"branch","line":1,"loc":{"start":{"line":1,"column":21},"end":{"line":4,"column":5}},"locations":[{"start":{"line":1,"column":21},"end":{"line":4,"column":5}}]},"1":{"type":"branch","line":2,"loc":{"start":{"line":2,"column":15},"end":{"line":4,"column":5}},"locations":[{"start":{"line":2,"column":15},"end":{"line":4,"column":5}}]}},"b":{"0":[1],"1":[6]},"fnMap":{"0":{"name":"total","decl":{"start":{"line":1,"column":21},"end":{"line":4,"column":5}},"loc":{"start":{"line":1,"column":21},"end":{"line":4,"column":5}},"line":1}},"f":{"0":1}}
,"/Users/esa/code/functional-node-workshop/04-testing/01-intro/start/index.js": {"path":"/Users/esa/code/functional-node-workshop/04-testing/01-intro/start/index.js","all":false,"statementMap":{"0":{"start":{"line":1,"column":0},"end":{"line":1,"column":31}},"1":{"start":{"line":2,"column":0},"end":{"line":2,"column":53}}},"s":{"0":1,"1":1},"branchMap":{"0":{"type":"branch","line":1,"loc":{"start":{"line":1,"column":22},"end":{"line":2,"column":7}},"locations":[{"start":{"line":1,"column":22},"end":{"line":2,"column":7}}]},"1":{"type":"branch","line":2,"loc":{"start":{"line":2,"column":15},"end":{"line":2,"column":50}},"locations":[{"start":{"line":2,"column":15},"end":{"line":2,"column":50}}]}},"b":{"0":[1],"1":[6]},"fnMap":{"0":{"name":"total","decl":{"start":{"line":1,"column":22},"end":{"line":2,"column":7}},"loc":{"start":{"line":1,"column":22},"end":{"line":2,"column":7}},"line":1}},"f":{"0":1}}
,"/Users/esa/code/functional-node-workshop/04-testing/02-challenge/start/index.js": {"path":"/Users/esa/code/functional-node-workshop/04-testing/02-challenge/start/index.js","all":false,"statementMap":{"0":{"start":{"line":1,"column":0},"end":{"line":1,"column":36}},"1":{"start":{"line":2,"column":0},"end":{"line":2,"column":53}}},"s":{"0":1,"1":1},"branchMap":{"0":{"type":"branch","line":1,"loc":{"start":{"line":1,"column":21},"end":{"line":2,"column":7}},"locations":[{"start":{"line":1,"column":21},"end":{"line":2,"column":7}}]},"1":{"type":"branch","line":2,"loc":{"start":{"line":2,"column":15},"end":{"line":2,"column":50}},"locations":[{"start":{"line":2,"column":15},"end":{"line":2,"column":50}}]}},"b":{"0":[1],"1":[6]},"fnMap":{"0":{"name":"total","decl":{"start":{"line":1,"column":21},"end":{"line":2,"column":7}},"loc":{"start":{"line":1,"column":21},"end":{"line":2,"column":7}},"line":1}},"f":{"0":1}}
}
