TN:
SF:04-testing/01-intro/finished/index.js
FN:1,total
FNF:1
FNH:1
FNDA:1,total
DA:1,1
DA:2,1
DA:3,6
DA:4,1
DA:5,1
DA:6,1
DA:7,1
DA:8,1
DA:9,1
LF:9
LH:9
BRDA:1,0,0,1
BRDA:2,1,0,6
BRF:2
BRH:2
end_of_record
TN:
SF:04-testing/01-intro/start/index.js
FN:1,total
FNF:1
FNH:1
FNDA:1,total
DA:1,1
DA:2,1
LF:2
LH:2
BRDA:1,0,0,1
BRDA:2,1,0,6
BRF:2
BRH:2
end_of_record
TN:
SF:04-testing/02-challenge/start/index.js
FN:1,total
FNF:1
FNH:1
FNDA:1,total
DA:1,1
DA:2,1
LF:2
LH:2
BRDA:1,0,0,1
BRDA:2,1,0,6
BRF:2
BRH:2
end_of_record
